==164316== Memcheck, a memory error detector
==164316== Copyright (C) 2002-2017, and GNU GPL'd, by Julian Seward et al.
==164316== Using Valgrind-3.18.1 and LibVEX; rerun with -h for copyright info
==164316== Command: ./main
==164316== Parent PID: 11683
==164316== 
==164316== Invalid write of size 4
==164316==    at 0x10916D: main (in /home/dragapult/Desktop/cs149/WS12/main)
==164316==  Address 0x4a9b1d0 is 0 bytes after a block of size 400 alloc'd
==164316==    at 0x4848899: malloc (in /usr/libexec/valgrind/vgpreload_memcheck-amd64-linux.so)
==164316==    by 0x10915E: main (in /home/dragapult/Desktop/cs149/WS12/main)
==164316== 
==164316== 
==164316== HEAP SUMMARY:
==164316==     in use at exit: 400 bytes in 1 blocks
==164316==   total heap usage: 1 allocs, 0 frees, 400 bytes allocated
==164316== 
==164316== LEAK SUMMARY:
==164316==    definitely lost: 400 bytes in 1 blocks
==164316==    indirectly lost: 0 bytes in 0 blocks
==164316==      possibly lost: 0 bytes in 0 blocks
==164316==    still reachable: 0 bytes in 0 blocks
==164316==         suppressed: 0 bytes in 0 blocks
==164316== Rerun with --leak-check=full to see details of leaked memory
==164316== 
==164316== For lists of detected and suppressed errors, rerun with: -s
==164316== ERROR SUMMARY: 1 errors from 1 contexts (suppressed: 0 from 0)
