==163564== Memcheck, a memory error detector
==163564== Copyright (C) 2002-2017, and GNU GPL'd, by Julian Seward et al.
==163564== Using Valgrind-3.18.1 and LibVEX; rerun with -h for copyright info
==163564== Command: ./main
==163564== Parent PID: 11683
==163564== 
==163564== Invalid read of size 4
==163564==    at 0x1091E0: main (in /home/dragapult/Desktop/cs149/WS12/main)
==163564==  Address 0x4a9b040 is 0 bytes inside a block of size 400 free'd
==163564==    at 0x484B27F: free (in /usr/libexec/valgrind/vgpreload_memcheck-amd64-linux.so)
==163564==    by 0x1091DB: main (in /home/dragapult/Desktop/cs149/WS12/main)
==163564==  Block was alloc'd at
==163564==    at 0x4848899: malloc (in /usr/libexec/valgrind/vgpreload_memcheck-amd64-linux.so)
==163564==    by 0x10919E: main (in /home/dragapult/Desktop/cs149/WS12/main)
==163564== 
==163564== 
==163564== HEAP SUMMARY:
==163564==     in use at exit: 0 bytes in 0 blocks
==163564==   total heap usage: 2 allocs, 2 frees, 1,424 bytes allocated
==163564== 
==163564== All heap blocks were freed -- no leaks are possible
==163564== 
==163564== For lists of detected and suppressed errors, rerun with: -s
==163564== ERROR SUMMARY: 1 errors from 1 contexts (suppressed: 0 from 0)
